<?xml version="1.0" encoding="UTF-8"?>
<!-- Generated by org.testng.reporters.JUnitXMLReporter -->
<testsuite ignored="0" hostname="PROWERSE-014" failures="0" tests="26" name="Sanity" time="1.85" errors="0" timestamp="2023-03-22T17:24:19 IST">
  <testcase classname="testBase.TestBase" name="@BeforeClass setUp" time="1.56">
    <failure type="org.openqa.selenium.remote.http.ConnectionFailedException" message="Unable to establish websocket connection to http://localhost:49347/devtools/browser/2cd15fc8-f280-4c7f-bb42-34fb3cc23bf6
Build info: version: &amp;apos;4.8.0&amp;apos;, revision: &amp;apos;267030adea&amp;apos;
System info: os.name: &amp;apos;Windows 11&amp;apos;, os.arch: &amp;apos;amd64&amp;apos;, os.version: &amp;apos;10.0&amp;apos;, java.version: &amp;apos;17.0.6&amp;apos;
Driver info: driver.version: ChromeDriver">
      <![CDATA[org.openqa.selenium.remote.http.ConnectionFailedException: Unable to establish websocket connection to http://localhost:49347/devtools/browser/2cd15fc8-f280-4c7f-bb42-34fb3cc23bf6
Build info: version: '4.8.0', revision: '267030adea'
System info: os.name: 'Windows 11', os.arch: 'amd64', os.version: '10.0', java.version: '17.0.6'
Driver info: driver.version: ChromeDriver
at org.openqa.selenium.remote.http.netty.NettyWebSocket.<init>(NettyWebSocket.java:102)
at org.openqa.selenium.remote.http.netty.NettyWebSocket.lambda$create$3(NettyWebSocket.java:128)
at org.openqa.selenium.remote.http.netty.NettyClient.openSocket(NettyClient.java:107)
at org.openqa.selenium.devtools.Connection.<init>(Connection.java:78)
at org.openqa.selenium.chromium.ChromiumDriver.lambda$new$2(ChromiumDriver.java:116)
at java.base/java.util.Optional.map(Optional.java:260)
at org.openqa.selenium.chromium.ChromiumDriver.<init>(ChromiumDriver.java:114)
at org.openqa.selenium.chrome.ChromeDriver.<init>(ChromeDriver.java:82)
at org.openqa.selenium.chrome.ChromeDriver.<init>(ChromeDriver.java:50)
at testBase.TestBase.setUp(TestBase.java:25)
at java.base/java.util.ArrayList.forEach(ArrayList.java:1511)
... Removed 29 stack frames]]>
    </failure>
  </testcase> <!-- @BeforeClass setUp -->
  <testcase classname="testBase.TestBase" name="@AfterClass tearDown" time="0.0">
    <skipped/>
  </testcase> <!-- @AfterClass tearDown -->
  <testcase classname="testCases.Tc001_Login_Verify" name="verifyLogin" time="0.0">
    <skipped/>
  </testcase> <!-- verifyLogin -->
  <testcase classname="testCases.Tc001_Login_Verify" name="verifyRole" time="0.0">
    <skipped/>
  </testcase> <!-- verifyRole -->
  <testcase classname="testCases.Tc001_Login_Verify" name="verifyItemsOnDashboard" time="0.0">
    <skipped/>
  </testcase> <!-- verifyItemsOnDashboard -->
  <testcase classname="testCases.Tc001_Login_Verify" name="verifyGraphMessages" time="0.0">
    <skipped/>
  </testcase> <!-- verifyGraphMessages -->
  <testcase classname="testCases.Tc001_Login_Verify" name="verifyClientManagePage" time="0.0">
    <skipped/>
  </testcase> <!-- verifyClientManagePage -->
  <testcase classname="testCases.Tc001_Login_Verify" name="verifyQuoteManagePage" time="0.0">
    <skipped/>
  </testcase> <!-- verifyQuoteManagePage -->
  <testcase classname="testCases.Tc001_Login_Verify" name="verifyDateFormatOnQuotePage" time="0.0">
    <skipped/>
  </testcase> <!-- verifyDateFormatOnQuotePage -->
  <testcase classname="testCases.Tc001_Login_Verify" name="verifyAddQuotePageLaunch" time="0.0">
    <skipped/>
  </testcase> <!-- verifyAddQuotePageLaunch -->
  <testcase classname="testCases.Tc001_Login_Verify" name="verifyProductListOnAddQuotePage" time="0.0">
    <skipped/>
  </testcase> <!-- verifyProductListOnAddQuotePage -->
  <testcase classname="testCases.Tc001_Login_Verify" name="verifyPolicyPage" time="0.0">
    <skipped/>
  </testcase> <!-- verifyPolicyPage -->
  <testcase classname="testCases.Tc001_Login_Verify" name="verifyPolicyPageDateFormat" time="0.0">
    <skipped/>
  </testcase> <!-- verifyPolicyPageDateFormat -->
  <testcase classname="testCases.Tc001_Login_Verify" name="verifyPolicyInformationPageLaunch" time="0.0">
    <skipped/>
  </testcase> <!-- verifyPolicyInformationPageLaunch -->
  <testcase classname="testCases.Tc001_Login_Verify" name="verifyPolicySamplePageDownLoad" time="0.0">
    <skipped/>
  </testcase> <!-- verifyPolicySamplePageDownLoad -->
  <testcase classname="testCases.Tc001_Login_Verify" name="verifyManageClaimDateAndPondSymbol" time="0.0">
    <skipped/>
  </testcase> <!-- verifyManageClaimDateAndPondSymbol -->
  <testcase classname="testCases.Tc001_Login_Verify" name="verifyClaimPageInformation" time="0.0">
    <skipped/>
  </testcase> <!-- verifyClaimPageInformation -->
  <testcase classname="testCases.Tc001_Login_Verify" name="verifyApprovalClaimDashBoardDetails" time="0.0">
    <skipped/>
  </testcase> <!-- verifyApprovalClaimDashBoardDetails -->
  <testcase classname="testCases.Tc001_Login_Verify" name="verifyManageTaskDashBoard" time="0.0">
    <skipped/>
  </testcase> <!-- verifyManageTaskDashBoard -->
  <testcase classname="testCases.Tc001_Login_Verify" name="verifyAddTaskPageDetails" time="0.0">
    <skipped/>
  </testcase> <!-- verifyAddTaskPageDetails -->
  <testcase classname="testCases.Tc001_Login_Verify" name="verifyQuotePageData" time="0.0">
    <skipped/>
  </testcase> <!-- verifyQuotePageData -->
  <testcase classname="testCases.Tc001_Login_Verify" name="verifyMicroChipPageData" time="0.0">
    <skipped/>
  </testcase> <!-- verifyMicroChipPageData -->
  <testcase classname="testCases.Tc001_Login_Verify" name="verifyQuotePagePremiumPoundSign" time="0.0">
    <skipped/>
  </testcase> <!-- verifyQuotePagePremiumPoundSign -->
  <testcase classname="testCases.Tc001_Login_Verify" name="verifyLetterTemplatePage" time="0.0">
    <skipped/>
  </testcase> <!-- verifyLetterTemplatePage -->
  <testcase classname="testCases.Tc001_Login_Verify" name="verifyLetterTemplatePageEditFun" time="0.0">
    <skipped/>
  </testcase> <!-- verifyLetterTemplatePageEditFun -->
  <testcase classname="testCases.Tc001_Login_Verify" name="verifyAccountPageIcon" time="0.0">
    <skipped/>
  </testcase> <!-- verifyAccountPageIcon -->
  <testcase classname="testCases.Tc001_Login_Verify" name="verifyAddClaimPageDropDown" time="0.0">
    <skipped/>
  </testcase> <!-- verifyAddClaimPageDropDown -->
  <testcase classname="testCases.Tc001_Login_Verify" name="verifyLogOut" time="0.0">
    <skipped/>
  </testcase> <!-- verifyLogOut -->
</testsuite> <!-- Sanity -->
